\o Program:		@(#)$CDS: virtuoso version 6.1.3 09/08/2008 02:56 (cic612lnx) $
\o Hierarchy:		/auto/ee2/Cadence/IC610/tools.lnx86/dfII/
\o Sub version:		sub-version IC6.1.3.1 (32-bit addresses)
\o Host name (type):	mustard.ee.byu.edu (x86_64)
\o Operating system:	Linux 2.6.32-358.11.1.el6.x86_64 #1 SMP Wed May 15 10:48:38 EDT 2013
\o X display name (WxH):	:0.0 (1920x1200)
\o Available geometry:			TL(0:25) BR(1919:1174)
\o X server:		Red Hat, Inc.
\o Depth of Visual (Root):	24 (24)
\o Number of Planes Used:	24
\o X version:		11.0 (vendor release 11300000)
\o Qt version:		4.2.3
\o Window Manager:	gnome (metacity)
\o User Name:		tchambs
\o Working Directory:	mustard.ee.byu.edu:/auto/fsh/tchambs/Winter2015/ECEN451/cadence
\o Process Id:		30231
\o 
\o COPYRIGHT © 1992-2008  CADENCE DESIGN SYSTEMS INC.  ALL RIGHTS RESERVED.
\o           © 1992-2008  UNIX SYSTEMS Laboratories INC.,
\o                          Reproduced with permission.
\o 
\o This Cadence Design Systems program and online documentation are
\o proprietary/confidential information and may be disclosed/used only
\o as authorized in a license agreement controlling such use and disclosure.
\o 
\o           RESTRICTED RIGHTS NOTICE (SHORT FORM)
\o Use/reproduction/disclosure is subject to restriction
\o set forth at FAR 1252.227-19 or its equivalent.
\o Loading geView.cxt 
\o Loading schView.cxt 
\o Loading selectSv.cxt 
\o Loading LVS.cxt 
\o Loading layerProc.cxt 
\o Loading xlUI.cxt 
\o Loading auCore.cxt 
\o Loading vhdl.cxt 
\o Loading seismic.cxt 
\o Loading ci.cxt 
\o Loading ams.cxt 
\o Loading NCSU CDK 1.5.1 customizations...
\o loading vars from /ee2/Cadence/NCSU/ncsu-cdk-1.6.0.beta/cdssetup/cdsenv for tool asimenv
\o Loading awv.cxt 
\o loading vars from /ee2/Cadence/NCSU/ncsu-cdk-1.6.0.beta/cdssetup/cdsenv for tool ddserv
\o loading vars from /ee2/Cadence/NCSU/ncsu-cdk-1.6.0.beta/cdssetup/cdsenv for tool layout
\o loading vars from /ee2/Cadence/NCSU/ncsu-cdk-1.6.0.beta/cdssetup/cdsenv for tool schematic
\o loading vars from /ee2/Cadence/NCSU/ncsu-cdk-1.6.0.beta/cdssetup/cdsenv for tool ui
\o Loading NCSU SKILL routines...
\o Done loading NCSU_CDK customizations.
\p > 
\i ddsServOpen("MYLIB" "2to1Mux" "schematic" "edit" nil)
\o *WARNING* (icLic-3) Could not get license Virtuoso_Schematic_Editor_L
\p > 
\a hiDBoxUser(_deLicenseQuestionDBox nil 1)
\r t
\o (deLicense-6) Checked out the license for Schematics XL to run Schematics L
\o Getting schematic propert bagLoading schematic.cxt 
\o Loading lo.cxt 
\o Loading le.cxt 
\w *WARNING* Parameter 'lxUseCell' already exists.
\o Loading lx.cxt 
\o Loading lce.cxt 
\a hiResizeWindow(swindow(1) list(143:153 1043:853))
\r t
\a hiResizeWindow(swindow(1) list(160:155 1060:855))
\r t
\a hiResizeWindow(swindow(1) list(187:164 1087:864))
\r t
\a hiResizeWindow(swindow(1) list(192:164 1092:864))
\r t
\a hiResizeWindow(swindow(1) list(199:166 1099:866))
\r t
\a hiResizeWindow(swindow(1) list(226:172 1126:872))
\r t
\a hiResizeWindow(swindow(1) list(257:183 1157:883))
\r t
\a hiResizeWindow(swindow(1) list(290:190 1190:890))
\r t
\a hiResizeWindow(swindow(1) list(315:197 1215:897))
\r t
\a hiResizeWindow(swindow(1) list(346:204 1246:904))
\r t
\a hiResizeWindow(swindow(1) list(351:204 1251:904))
\r t
\a hiResizeWindow(swindow(1) list(353:206 1253:906))
\r t
\a hiResizeWindow(swindow(1) list(353:207 1253:907))
\r t
\a hiResizeWindow(swindow(1) list(361:212 1261:912))
\r t
\a hiResizeWindow(swindow(1) list(365:214 1265:914))
\r t
\a hiResizeWindow(swindow(1) list(373:222 1273:922))
\r t
\a hiResizeWindow(swindow(1) list(381:230 1281:930))
\r t
\a hiResizeWindow(swindow(1) list(385:236 1285:936))
\r t
\a hiResizeWindow(swindow(1) list(390:244 1290:944))
\r t
\a hiResizeWindow(swindow(1) list(391:251 1291:951))
\r t
\a hiResizeWindow(swindow(1) list(394:257 1294:957))
\r t
\a hiResizeWindow(swindow(1) list(396:261 1296:961))
\r t
\a hiResizeWindow(swindow(1) list(398:265 1298:965))
\r t
\a hiResizeWindow(swindow(1) list(400:269 1300:969))
\r t
\a hiResizeWindow(swindow(1) list(402:274 1302:974))
\r t
\a hiResizeWindow(swindow(1) list(407:278 1307:978))
\r t
\a hiResizeWindow(swindow(1) list(411:282 1311:982))
\r t
\a hiResizeWindow(swindow(1) list(418:288 1318:988))
\r t
\a hiResizeWindow(swindow(1) list(430:296 1330:996))
\r t
\a hiResizeWindow(swindow(1) list(443:305 1343:1005))
\r t
\a hiResizeWindow(swindow(1) list(460:314 1360:1014))
\r t
\a hiResizeWindow(swindow(1) list(481:323 1381:1023))
\r t
\a hiResizeWindow(swindow(1) list(510:331 1410:1031))
\r t
\a hiResizeWindow(swindow(1) list(543:331 1443:1031))
\r t
\a hiResizeWindow(swindow(1) list(578:350 1478:1050))
\r t
\a hiResizeWindow(swindow(1) list(615:359 1515:1059))
\r t
\a hiResizeWindow(swindow(1) list(648:366 1548:1066))
\r t
\a hiResizeWindow(swindow(1) list(657:368 1557:1068))
\r t
\a hiResizeWindow(swindow(1) list(658:368 1558:1068))
\r t
\a hiResizeWindow(swindow(1) list(675:374 1575:1074))
\r t
\a hiResizeWindow(swindow(1) list(698:383 1598:1083))
\r t
\a hiResizeWindow(swindow(1) list(719:392 1619:1092))
\r t
\a hiResizeWindow(swindow(1) list(732:401 1632:1101))
\r t
\a hiResizeWindow(swindow(1) list(745:410 1645:1110))
\r t
\a hiResizeWindow(swindow(1) list(754:417 1654:1117))
\r t
\a hiResizeWindow(swindow(1) list(759:424 1659:1124))
\r t
\a hiResizeWindow(swindow(1) list(761:428 1661:1128))
\r t
\a hiResizeWindow(swindow(1) list(762:432 1662:1132))
\r t
\a hiResizeWindow(swindow(1) list(762:433 1662:1133))
\r t
\a hiResizeWindow(swindow(1) list(763:436 1663:1136))
\r t
\a hiResizeWindow(swindow(1) list(763:437 1663:1137))
\r t
\a hiResizeWindow(swindow(1) list(762:438 1662:1138))
\r t
\a hiResizeWindow(swindow(1) list(756:438 1656:1138))
\r t
\a hiResizeWindow(swindow(1) list(747:436 1647:1136))
\r t
\a hiResizeWindow(swindow(1) list(736:434 1636:1134))
\r t
\a hiResizeWindow(swindow(1) list(730:433 1630:1133))
\r t
\a hiResizeWindow(swindow(1) list(721:431 1621:1131))
\r t
\a hiResizeWindow(swindow(1) list(713:429 1613:1129))
\r t
\a hiResizeWindow(swindow(1) list(705:426 1605:1126))
\r t
\a hiResizeWindow(swindow(1) list(698:424 1598:1124))
\r t
\a hiResizeWindow(swindow(1) list(692:422 1592:1122))
\r t
\a hiResizeWindow(swindow(1) list(688:421 1588:1121))
\r t
\a hiResizeWindow(swindow(1) list(689:421 1589:1121))
\r t
\a hiResizeWindow(swindow(1) list(690:422 1590:1122))
\r t
\a hiResizeWindow(swindow(1) list(689:424 1589:1124))
\r t
\a hiResizeWindow(swindow(1) list(688:425 1588:1125))
\r t
\a hiResizeWindow(swindow(1) list(686:426 1586:1126))
\r t
\a hiResizeWindow(swindow(1) list(683:426 1583:1126))
\r t
\a hiResizeWindow(swindow(1) list(679:426 1579:1126))
\r t
\a hiResizeWindow(swindow(1) list(676:427 1576:1127))
\r t
\a hiResizeWindow(swindow(1) list(673:427 1573:1127))
\r t
\a hiResizeWindow(swindow(1) list(671:427 1571:1127))
\r t
\a hiResizeWindow(swindow(1) list(670:427 1570:1127))
\r t
\a hiResizeWindow(swindow(1) list(668:428 1568:1128))
\r t
\a hiResizeWindow(swindow(1) list(667:429 1567:1129))
\r t
\a hiResizeWindow(swindow(1) list(665:430 1565:1130))
\r t
\a hiResizeWindow(swindow(1) list(664:431 1564:1131))
\r t
\a hiResizeWindow(swindow(1) list(663:431 1563:1131))
\r t
\a hiResizeWindow(swindow(1) list(663:432 1563:1132))
\r t
\a hiResizeWindow(swindow(1) list(663:433 1563:1133))
\r t
\a hiResizeWindow(swindow(1) list(663:434 1563:1134))
\r t
\a hiResizeWindow(swindow(1) list(663:433 1563:1134))
\r t
\a hiResizeWindow(swindow(1) list(663:426 1566:1134))
\r t
\a hiResizeWindow(swindow(1) list(663:413 1574:1134))
\r t
\a hiResizeWindow(swindow(1) list(663:391 1590:1134))
\r t
\a hiResizeWindow(swindow(1) list(663:365 1610:1134))
\r t
\a hiResizeWindow(swindow(1) list(663:340 1630:1134))
\r t
\a hiResizeWindow(swindow(1) list(663:315 1651:1134))
\r t
\a hiResizeWindow(swindow(1) list(663:293 1660:1134))
\r t
\a hiResizeWindow(swindow(1) list(663:260 1679:1134))
\r t
\a hiResizeWindow(swindow(1) list(663:228 1702:1134))
\r t
\a hiResizeWindow(swindow(1) list(663:218 1710:1134))
\r t
\a hiResizeWindow(swindow(1) list(663:216 1712:1134))
\r t
\a hiResizeWindow(swindow(1) list(663:214 1714:1134))
\r t
\a hiResizeWindow(swindow(1) list(663:213 1723:1134))
\r t
\a hiResizeWindow(swindow(1) list(663:213 1726:1134))
\r t
\a hiResizeWindow(swindow(1) list(663:211 1732:1134))
\r t
\a hiResizeWindow(swindow(1) list(663:210 1735:1134))
\r t
\a geScroll(nil "n" nil)
\r t
\a geScroll(nil "n" nil)
\r t
\a geScroll(nil "s" nil)
\r t
\a geScroll(nil "s" nil)
\r t
\a geScroll(nil "n" nil)
\r t
\a schHiMove()
\p > 
\a geSingleSelectBox()
\i -1.0625:-0.625
\p > 
\a addPoint(hiGetCommandPoint())
\i 1.125:-1.8125
\r t
\r t
\a mouseAddPt()
\i 0.9375:-1.1875
\r t
\a mouseAddPt()
\i 3.375:0.375
\r t
\a hiUndo()
\r t
\a geSingleSelectBox()
\i -1:-0.5625
\p > 
\a addPoint(hiGetCommandPoint())
\i 1.3125:-1.8125
\r t
\r t
\a schHiObjectProperty()
\o Loading layers.cxt 
\o Loading cdf.cxt 
\r t
\a hiiSetCurrentForm('schObjPropForm)
\r t
\a hiFormCancel(schObjPropForm) 
\r t
\a geSingleSelectBox()
\i -0.9375:0.875
\p > 
\a addPoint(hiGetCommandPoint())
\i 1.0625:-0.375
\r t
\r t
\a schHiObjectProperty()
\r t
\a schObjPropForm->cellName->value="nmos"
\r "nmos"
\a hiFormDone(schObjPropForm)
\r t
\a mouseAddPt()
\i 1.3125:-0.125
\r t
\a mouseAddPt()
\i 3.25:-0.1875
\r t
\a hiZoomRelativeScale(getCurrentWindow() 1.25)
\r t
\a hiUndo()
\r t
\a geSingleSelectBox()
\i -0.3125:0.4375
\p > 
\a addPoint(hiGetCommandPoint())
\i -0.125:0.375
\r t
\r nil
\a geSingleSelectBox()
\i -0.75:0.875
\p > 
\a addPoint(hiGetCommandPoint())
\i 0.9375:-0.375
\r t
\r t
\a mouseAddPt()
\i 1:-0.25
\r t
\a mouseAddPt()
\i 1:-0.25
\r t
\a geSingleSelectBox()
\i 1.125:-0.3125
\p > 
\a addPoint(hiGetCommandPoint())
\i -0.6875:0.6875
\r t
\r t
\a hiiSetCurrentForm('schMoveForm)
\r t
\a schHiObjectProperty()
\r t
\a hiiSetCurrentForm('schObjPropForm)
\r t
\a schObjPropForm->objScope->value="all selected"
\r "all selected"
\a schObjPropForm->cellName->value="nmos"
\r "nmos"
\a hiFormDone(schObjPropForm)
\r t
\a schHiMove()
\r t
\a geSingleSelectBox()
\i 1:-0.25
\p > 
\a addPoint(hiGetCommandPoint())
\i -0.75:0.75
\r t
\r t
\a geSingleSelectBox()
\i 0.625:-0.0625
\p > 
\a addPoint(hiGetCommandPoint())
\i 1.3125:-0.125
\r t
\r nil
\a geSingleSelectBox()
\i 1.0625:-0.3125
\p > 
\a addPoint(hiGetCommandPoint())
\i -0.75:0.75
\r t
\r t
\a schHiMove()
\r t
\a geSingleSelectBox()
\i -0.6875:0.8125
\p > 
\a addPoint(hiGetCommandPoint())
\i 0.875:-0.25
\r t
\r t
\a schHiMove()
\r t
\a schHiMove()
\r t
\a geSingleSelectBox()
\i 1:-0.3125
\p > 
\a addPoint(hiGetCommandPoint())
\i -0.75:0.75
\r t
\r t
\a mouseAddPt()
\i 0.875:0.25
\r t
\a mouseAddPt()
\i 2.75:0.25
\r t
\a geSingleSelectBox()
\i 1.25:-1.8125
\p > 
\a addPoint(hiGetCommandPoint())
\i -0.875:-0.6875
\r t
\r t
\a hiUndo()
\r t
\a schHiMove()
\r t
\a geSingleSelectBox()
\i -1.0625:0.9375
\p > 
\a addPoint(hiGetCommandPoint())
\i -1:0.9375
\r t
\r nil
\a schHiMove()
\r t
\a geSingleSelectBox()
\i -0.9375:0.8125
\p > 
\a addPoint(hiGetCommandPoint())
\i 1:-0.3125
\r t
\r t
\a schHiMove()
\r t
\a geSingleSelectBox()
\i 1.1875:-0.3125
\p > 
\a addPoint(hiGetCommandPoint())
\i -1.375:0.8125
\r t
\r t
\a mouseAddPt()
\i 0.1875:0.25
\r t
\a mouseAddPt()
\i 2.3125:0.25
\r t
\a geScroll(nil "s" nil)
\r t
\a geScroll(nil "n" nil)
\r t
\a geScroll(nil "s" nil)
\r t
\a geSingleSelectBox()
\i 1.3125:-1.9375
\p > 
\a addPoint(hiGetCommandPoint())
\i -1.4375:-0.5625
\r t
\r t
\a schHiMove()
\r t
\a geSingleSelectBox()
\i -1.4375:-0.5625
\p > 
\a addPoint(hiGetCommandPoint())
\i 1.125:-1.875
\r t
\r t
\a mouseAddPt()
\i 1.125:-1.875
\r t
\a mouseAddPt()
\i 1.125:-0.4375
\r t
\a mouseAddPt()
\i 1.6875:-1.125
\r t
\a geSingleSelectBox()
\i 1.1875:0.9375
\p > 
\a addPoint(hiGetCommandPoint())
\i 3.125:-0.4375
\r t
\r t
\a schHiMove()
\r t
\a schHiMove()
\r t
\a geSingleSelectBox()
\i 3.1875:-0.4375
\p > 
\a addPoint(hiGetCommandPoint())
\i 1.125:0.875
\r t
\r t
\a mouseAddPt()
\i 2.3125:0.125
\r t
\a mouseAddPt()
\i 0.1875:-1.3125
\r t
\a cancelEnterFun()
\r t
\r nil
\a geScroll(nil "n" nil)
\r t
\a geScroll(nil "s" nil)
\r t
\a schDirectEdit(1)
\i 1.125:-0.3125
\i 1.125:-0.3125
\p > 
\a addPoint(hiGetCommandPoint())
\i -1.3125:0.8125
\r t
\r nil
\a schHiObjectProperty()
\r t
\a schObjPropForm->w->value="5.4u M"
\r "5.4u M"
\a hiFormDone(schObjPropForm)
\r t
\a schHiObjectProperty()
\r t
\a _hiFormApplyCB(schObjPropForm)
\o No changes were made. No objects updated.
\o 
\r t
\a _hiFormApplyCB(schObjPropForm)
\o No changes were made. No objects updated.
\o 
\r t
\a _hiFormApplyCB(schObjPropForm)
\o No changes were made. No objects updated.
\o 
\r t
\a hiFormDone(schObjPropForm)
\o No changes were made. No objects updated.
\o 
\r t
\a schDirectEdit(1)
\i 1.25:-2
\i 1.25:-2
\p > 
\a addPoint(hiGetCommandPoint())
\i -1.375:-0.6875
\r t
\r nil
\a schHiObjectProperty()
\r t
\a schObjPropForm->w->value="1.8u M"
\r "1.8u M"
\a hiFormDone(schObjPropForm)
\r t
\a showClickInfo()
\i 2.1875:-1.4375
\r window:2
\a geScroll(nil "n" nil)
\r t
\a geScroll(nil "s" nil)
\r t
\a geScroll(nil "n" nil)
\r t
\a geScroll(nil "s" nil)
\r t
\a hiResizeWindow(swindow(1) list(-2:21 1918:1145))
\r t
\a geScroll(nil "n" nil)
\r t
\a geScroll(nil "s" nil)
\r t
\a geScroll(nil "n" nil)
\r t
\a hiExportImageDialog(getCurrentWindow())
\r t
\e Display :0.0 Error "BadMatch (invalid parameter attributes)"
\e  request 42 error 8 serial 581118 
\a showClickInfo()
\i 0.3125:1.3125
\r window:2
\a hiExportImageDialog(getCurrentWindow())
\r t
\e Display :0.0 Error "BadMatch (invalid parameter attributes)"
\e  request 42 error 8 serial 663087 
\a showClickInfo()
\i 2.125:2.1875
\r window:2
\a schHiCreateNoteLabel()
\p > 
\a hiiSetCurrentForm('schCreateNoteLabelForm)
\r t
\a schCreateNoteLabelForm->label->value="2to1MUX"
\r "2to1MUX"
\a cancelEnterFun(schCreateNoteLabelForm)
\r t
\r nil
\a schHiPlot()
\o Loading /ee2/Cadence/ic/tools/plot/.cdsplotinit
\w *WARNING* (SCH-1254) Paper size 'A' is unknown to plotter 'default'.
\w *WARNING* Load template file aborted.
\p > 
\a hiiSetCurrentForm('schPlotSubmitForm)
\r t
\a schiPlotOptionsBtnCB()
\p > 
\a hiiSetCurrentForm('schPlotOptionsForm)
\r t
\a hiFormCancel(schPlotOptionsForm) 
\r t
\r nil
\a hiiSetCurrentForm('schPlotSubmitForm)
\r t
\a hiFormCancel(schPlotSubmitForm)
\r t
\r t
\a schHiCreateNoteLabel()
\p > 
\a hiiSetCurrentForm('schCreateNoteLabelForm)
\r t
\a schCreateNoteLabelForm->label->value="\n2to1MUX"
\r "\n2to1MUX"
\a schCreateNoteLabelForm->label->value="Travis Chambers\n\n2to1MUX"
\r "Travis Chambers\n\n2to1MUX"
\a schCreateNoteLabelForm->label->value="Travis Chambers\nECEN451\n\n2to1MUX"
\r "Travis Chambers\nECEN451\n\n2to1MUX"
\a hiiToggleEnterForm(schCreateNoteLabelForm)
\r t
\a mouseAddPt()
\i 1.5625:1.3125
\r t
\a schHiPlot()
\o Loading /ee2/Cadence/ic/tools/plot/.cdsplotinit
\p > 
\a hiiSetCurrentForm('schPlotSubmitForm)
\r t
\a schiPlotOptionsBtnCB()
\p > 
\a hiiSetCurrentForm('schPlotOptionsForm)
\r t
\a schPlotOptionsForm->plotPlotterCyclic->value="cb425ps"
\r "cb425ps"
\a hiiSetCurrentForm('schPlotSubmitForm)
\r t
\a hiiSetCurrentForm('schPlotOptionsForm)
\r t
\a _hiFormApplyCB(schPlotOptionsForm)
\r t
\a hiFormDone(schPlotOptionsForm)
\r t
\r t
\a hiiSetCurrentForm('schPlotSubmitForm)
\r t
\a _hiFormApplyCB(schPlotSubmitForm)
\o Start Plotting ...
\o plotServ 7.02, build a, 03.01, static
\o   "MYLIB 2to1Mux schematic"
\o 
\o Getting schematic propert bagGetting schematic propert bagplotServ 7.02, build a, 03.01, static
\o ... End Plotting
\o Successfully plotted 1 cellviews
\r t
\a hiFormCancel(schPlotSubmitForm)
\r t
\r t
\r nil
\a schHiPlot()
\o Loading /ee2/Cadence/ic/tools/plot/.cdsplotinit
\p > 
\a schiPlotOptionsBtnCB()
\p > 
\a hiiSetCurrentForm('schPlotOptionsForm)
\r t
\a schPlotOptionsForm->plotWidth->value=11.0
\r 11.0
\a hiFormDone(schPlotOptionsForm)
\r t
\r t
\a hiiSetCurrentForm('schPlotSubmitForm)
\r t
\a schiPlotOptionsBtnCB()
\p > 
\a hiiSetCurrentForm('schPlotOptionsForm)
\r t
\a schPlotOptionsForm->plotFitToggle->fit->value =  t
\r t
\a schPlotOptionsForm->plotCenter->center->value =  nil
\r nil
\a schPlotOptionsForm->plotCenter->center->value =  t
\r t
\a schPlotOptionsForm->plotCenter->center->value =  nil
\r nil
\a schPlotOptionsForm->plotCenter->center->value =  t
\r t
\a hiFormDone(schPlotOptionsForm)
\r t
\r t
\a hiiSetCurrentForm('schPlotSubmitForm)
\r t
\a schPlotSubmitForm->plotAreaRadio->value= "viewing area"
\r "viewing area"
\a schPlotSubmitForm->plotAreaRadio->value= "cellview"
\r "cellview"
\a schPlotSubmitForm->plotAreaRadio->value= "library"
\r "library"
\a schPlotSubmitForm->plotAreaRadio->value= "viewing area"
\r "viewing area"
\a schPlotSubmitForm->plotPlotSelection->notes->value =  t
\r t
\a schPlotSubmitForm->plotPlotSelection->notes->value =  nil
\r nil
\a schPlotSubmitForm->plotAreaRadio->value= "cellview"
\r "cellview"
\a schiPlotOptionsBtnCB()
\p > 
\a hiiSetCurrentForm('schPlotOptionsForm)
\r t
\a _hiFormApplyCB(schPlotOptionsForm)
\r t
\a _hiFormApplyCB(schPlotOptionsForm)
\r t
\a hiFormDone(schPlotOptionsForm)
\r t
\r t
\a hiiSetCurrentForm('schPlotSubmitForm)
\r t
\a _hiFormApplyCB(schPlotSubmitForm)
\o Start Plotting ...
\o plotServ 7.02, build a, 03.01, static
\o   "MYLIB 2to1Mux schematic"
\o 
\o Getting schematic propert bagGetting schematic propert bagplotServ 7.02, build a, 03.01, static
\o ... End Plotting
\o Successfully plotted 1 cellviews
\r t
\a schiPlotOptionsBtnCB()
\p > 
\a hiiSetCurrentForm('schPlotOptionsForm)
\r t
\a schPlotOptionsForm->plotScale->value=1.75
\r 1.75
\a hiFormDone(schPlotOptionsForm)
\r t
\r t
\a hiiSetCurrentForm('schPlotSubmitForm)
\r t
\a _hiFormDefaultsCB(schPlotSubmitForm)
\r t
\a _hiFormDefaultsCB(schPlotSubmitForm)
\r t
\a schiPlotOptionsBtnCB()
\p > 
\a hiiSetCurrentForm('schPlotOptionsForm)
\r t
\a schPlotOptionsForm->plotScale->value=1.5
\r 1.5
\a schPlotOptionsForm->plotCenter->center->value =  nil
\r nil
\a schPlotOptionsForm->plotCenter->center->value =  t
\r t
\a schPlotOptionsForm->plotOrientationRadio->value= "landscape"
\r "landscape"
\a schPlotOptionsForm->plotScale->value=1.5
\r 1.5
\a hiFormDone(schPlotOptionsForm)
\r t
\r t
\a hiiSetCurrentForm('schPlotSubmitForm)
\r t
\a _hiFormApplyCB(schPlotSubmitForm)
\o Start Plotting ...
\o plotServ 7.02, build a, 03.01, static
\o   "MYLIB 2to1Mux schematic"
\o 
\o Getting schematic propert bagGetting schematic propert bagplotServ 7.02, build a, 03.01, static
\o ... End Plotting
\o Successfully plotted 1 cellviews
\r t
\a schiPlotOptionsBtnCB()
\p > 
\a hiiSetCurrentForm('schPlotOptionsForm)
\r t
\a schPlotOptionsForm->plotScale->value=1.5
\r 1.5
\a _hiFormApplyCB(schPlotOptionsForm)
\r t
\a hiiSetCurrentForm('schPlotSubmitForm)
\r t
\a hiiSetCurrentForm('schPlotOptionsForm)
\r t
\a schPlotOptionsForm->plotScale->value=1.4
\r 1.4
\a schPlotOptionsForm->plotFitToggle->fit->value =  nil
\r nil
\a schPlotOptionsForm->plotFitToggle->fit->value =  t
\r t
\a schPlotOptionsForm->plotFitToggle->fit->value =  nil
\r nil
\a schPlotOptionsForm->plotScale->value=1.5
\r 1.5
\a _hiFormApplyCB(schPlotOptionsForm)
\r t
\a hiFormDone(schPlotOptionsForm)
\r t
\r t
\a hiiSetCurrentForm('schPlotSubmitForm)
\r t
\a schiPlotOptionsBtnCB()
\p > 
\a hiiSetCurrentForm('schPlotOptionsForm)
\r t
\a schPlotOptionsForm->plotScale->value=1.5
\r 1.5
\a _hiFormApplyCB(schPlotOptionsForm)
\r t
\a _hiFormApplyCB(schPlotOptionsForm)
\r t
\a _hiFormApplyCB(schPlotOptionsForm)
\r t
\a hiFormDone(schPlotOptionsForm)
\r t
\r t
\a hiiSetCurrentForm('schPlotSubmitForm)
\r t
\a schiPlotOptionsBtnCB()
\p > 
\a hiiSetCurrentForm('schPlotOptionsForm)
\r t
\a schPlotOptionsForm->plotScale->value=1.5
\r 1.5
\a _hiFormApplyCB(schPlotOptionsForm)
\r t
\a hiiSetCurrentForm('schPlotSubmitForm)
\r t
\a hiiSetCurrentForm('schPlotOptionsForm)
\r t
\a _hiFormApplyCB(schPlotOptionsForm)
\r t
\a _hiFormApplyCB(schPlotOptionsForm)
\r t
\a _hiFormApplyCB(schPlotOptionsForm)
\r t
\a _hiFormApplyCB(schPlotOptionsForm)
\r t
\a hiFormDone(schPlotOptionsForm)
\r t
\r t
\a hiiSetCurrentForm('schPlotSubmitForm)
\r t
\a schiPlotOptionsBtnCB()
\p > 
\a hiiSetCurrentForm('schPlotOptionsForm)
\r t
\a schPlotOptionsForm->plotCenter->center->value =  nil
\r nil
\a schPlotOptionsForm->plotScale->value=1.5
\r 1.5
\a _hiFormApplyCB(schPlotOptionsForm)
\r t
\a hiFormDone(schPlotOptionsForm)
\r t
\r t
\a hiiSetCurrentForm('schPlotSubmitForm)
\r t
\a schiPlotOptionsBtnCB()
\p > 
\a hiiSetCurrentForm('schPlotOptionsForm)
\r t
\a hiiSetCurrentForm('schPlotSubmitForm)
\r t
\a hiiSetCurrentForm('schPlotOptionsForm)
\r t
\a schPlotOptionsForm->plotWidth->value=8.0
\r 8.0
\a _hiFormApplyCB(schPlotOptionsForm)
\r t
\a schPlotOptionsForm->plotFitToggle->fit->value =  t
\r t
\a _hiFormApplyCB(schPlotOptionsForm)
\r t
\a hiFormDone(schPlotOptionsForm)
\r t
\r t
\a hiiSetCurrentForm('schPlotSubmitForm)
\r t
\a hiFormCancel(schPlotSubmitForm)
\r t
\r t
\a showClickInfo()
\i 1.4375:1.8125
\r window:2
\a schDirectEdit(1)
\i 0.9375:1.8125
\i 0.9375:1.8125
\p > 
\a addPoint(hiGetCommandPoint())
\i 2.125:1.125
\r t
\r nil
\a schHiMove()
\p > 
\a mouseAddPt()
\i 1.5:1.5
\r t
\a mouseAddPt()
\i -1.5625:-0.4375
\r t
\r t
\a showClickInfo()
\i 2.0625:0.25
\r window:2
\a showClickInfo()
\i 0.25:-2.375
\o 
\o gnd (instance "I1", library "NCSU_Analog_Parts")
\r window:2
\a schHiStretch()
\p > 
\a geSingleSelectBox()
\i 0.1875:-2.375
\p > 
\a addPoint(hiGetCommandPoint())
\i 0.1875:-2.3125
\r t
\r nil
\a mouseAddPt()
\i 0.1875:-2.25
\r t
\a mouseAddPt()
\i 0.1875:-2.1875
\r t
\a geSingleSelectBox()
\i 0.875:-2.0625
\p > 
\a addPoint(hiGetCommandPoint())
\i -0.5625:-1.9375
\r t
\r t
\a schSnapToConn()
\r nil
\a mouseAddPt()
\i -0.375:-2
\r t
\a mouseAddPt()
\i -0.375:-1.875
\r t
\a schSnapToConn()
\r nil
\a geSingleSelectBox()
\i 0:-2.0625
\p > 
\a addPoint(hiGetCommandPoint())
\i 0.5:-2.375
\r t
\r t
\a schSnapToConn()
\r nil
\a mouseAddPt()
\i 0.1875:-2.1875
\r t
\a mouseAddPt()
\i 0.1875:-2.0625
\r t
\a mouseAddPt()
\i 1:-2.0625
\r t
\a hiiSetCurrentForm('schStretchForm)
\r t
\a hiiToggleEnterForm(schStretchForm)
\r t
\a mouseAddPt()
\i -1.625:1.625
\r t
\a schHiPlot()
\o Loading /ee2/Cadence/ic/tools/plot/.cdsplotinit
\p > 
\a hiiSetCurrentForm('schPlotSubmitForm)
\r t
\a schiPlotOptionsBtnCB()
\p > 
\a hiiSetCurrentForm('schPlotOptionsForm)
\r t
\a schPlotOptionsForm->plotScale->value=1.5
\r 1.5
\a _hiFormApplyCB(schPlotOptionsForm)
\r t
\a hiiSetCurrentForm('schPlotSubmitForm)
\r t
\a _hiFormApplyCB(schPlotSubmitForm)
\o Start Plotting ...
\o plotServ 7.02, build a, 03.01, static
\o   "MYLIB 2to1Mux schematic"
\o 
\o Getting schematic propert bagGetting schematic propert bagplotServ 7.02, build a, 03.01, static
\o ... End Plotting
\o Successfully plotted 1 cellviews
\r t
\a hiiSetCurrentForm('schPlotOptionsForm)
\r t
\a hiFormDone(schPlotOptionsForm)
\r t
\r t
\a hiiSetCurrentForm('schPlotSubmitForm)
\r t
\a _hiFormApplyCB(schPlotSubmitForm)
\o Start Plotting ...
\o plotServ 7.02, build a, 03.01, static
\o   "MYLIB 2to1Mux schematic"
\o 
\o Getting schematic propert bagGetting schematic propert bagplotServ 7.02, build a, 03.01, static
\o ... End Plotting
\o Successfully plotted 1 cellviews
\r t
\a hiFormCancel(schPlotSubmitForm)
\r t
\r t
\r nil
\a hiCloseWindow(swindow(1))
\p > 
\a hiDBoxOK(geDBox)
\r Getting schematic propert bagt
\o Loading cph.cxt 
\r t
\a hiQuit()
\p > 
\a hiDBoxOK(hiQuitDBox)
\r t
\o 
