Begin Incremental Netlisting Feb 16 09:21:01 2015
End netlisting Feb 16 09:21:01 2015
Begin Incremental Netlisting Feb 16 09:40:54 2015
ERROR (OSSHNL-109): The cell view, 'MYLIB/tutorial3/schematic', has been
modified since the last extraction. 
Re-extract the design (File->Check and Save
menu option) for schematic cell 
views to correct this error.
 
End netlisting Feb 16 09:40:54 2015
Begin Incremental Netlisting Feb 16 09:43:08 2015
End netlisting Feb 16 09:43:08 2015
Begin Incremental Netlisting Feb 16 09:44:06 2015
End netlisting Feb 16 09:44:06 2015
Begin Incremental Netlisting Feb 16 09:45:00 2015
End netlisting Feb 16 09:45:00 2015
Begin Incremental Netlisting Feb 16 09:50:40 2015
End netlisting Feb 16 09:50:41 2015
Begin Incremental Netlisting Feb 16 09:51:42 2015
End netlisting Feb 16 09:51:42 2015
Begin Incremental Netlisting Feb 16 09:52:18 2015
End netlisting Feb 16 09:52:19 2015
Begin Incremental Netlisting Feb 16 10:08:28 2015
End netlisting Feb 16 10:08:29 2015
Begin Incremental Netlisting Feb 16 10:10:03 2015
End netlisting Feb 16 10:10:03 2015
Begin Incremental Netlisting Feb 16 10:11:32 2015
ERROR (OSSHNL-109): The cell view, 'MYLIB/tutorial3/schematic', has been
modified since the last extraction. 
Re-extract the design (File->Check and Save
menu option) for schematic cell 
views to correct this error.
 
End netlisting Feb 16 10:11:32 2015
Begin Incremental Netlisting Feb 16 10:12:14 2015
End netlisting Feb 16 10:12:14 2015
Begin Incremental Netlisting Feb 16 10:13:38 2015
End netlisting Feb 16 10:13:38 2015
Begin Incremental Netlisting Feb 16 10:14:15 2015
End netlisting Feb 16 10:14:15 2015
Begin Incremental Netlisting Feb 16 10:15:58 2015
End netlisting Feb 16 10:15:58 2015
Begin Incremental Netlisting Feb 16 10:16:29 2015
End netlisting Feb 16 10:16:29 2015
Begin Incremental Netlisting Feb 16 10:17:18 2015
End netlisting Feb 16 10:17:18 2015
Begin Incremental Netlisting Feb 16 10:19:27 2015
End netlisting Feb 16 10:19:28 2015
Begin Incremental Netlisting Feb 16 10:20:44 2015
End netlisting Feb 16 10:20:44 2015
Begin Incremental Netlisting Feb 16 10:21:26 2015
End netlisting Feb 16 10:21:27 2015
Begin Incremental Netlisting Feb 16 10:22:10 2015
End netlisting Feb 16 10:22:10 2015
