
Cadence (R) Virtuoso (R) Spectre (R) Circuit Simulator
Version 7.0.0.038 -- 3 Apr 2008
Copyright (C) 1989-2007 Cadence Design Systems, Inc. All rights reserved worldwide. Cadence, Virtuoso and Spectre are registered trademarks of Cadence Design Systems, Inc. All others are the property of their respective holders.

Protected by U.S. Patents: 5,610,847; 5,790,436; 5,812,431; 5,859,785; 5,949,992; 5,987,238; 6,088,523; 6,101,323; 6,151,698; 6,181,754; 6,260,176; 6,278,964; 6,349,272; 6,374,390; 6,493,849; 6,504,885; 6,618,837; 6,636,839; 6,778,025; 6,832,358; 6,851,097; 6,928,626; 7,024,652; 7,035,782; 7,085,700; 7,143,021.

Includes RSA BSAFE(R) Cryptographic or Security Protocol Software from RSA Security, Inc.

Simulating `input.scs' on garlic.ee.byu.edu at 10:22:13 AM, Mon Feb 16, 2015.
Command line:
    /ee2/Cadence/MMSIM/tools.lnx86/spectre/bin/32bit/spectre input.scs  \
        +escchars +log ../psf/spectre.out +inter=mpsc  \
        +mpssession=spectre6_29055_19 -format sst2 -raw ../psf  \
        +lqtimeout 900 -maxw 5 -maxn 5
spectre pid = 2865

Loading /ee2/Cadence/MMSIM/tools.lnx86/cmi/lib/5.0/libinfineon_sh.so ...
Loading /ee2/Cadence/MMSIM/tools.lnx86/cmi/lib/5.0/libnortel_sh.so ...
Loading /ee2/Cadence/MMSIM/tools.lnx86/cmi/lib/5.0/libphilips_sh.so ...
Loading /ee2/Cadence/MMSIM/tools.lnx86/cmi/lib/5.0/libsparam_sh.so ...
Loading /ee2/Cadence/MMSIM/tools.lnx86/cmi/lib/5.0/libstmodels_sh.so ...
Using new Spectre Parser.

Circuit inventory:
              nodes 17
            bsim3v3 30    
            vsource 2     

Entering remote command mode using MPSC service (spectre, ipi, v0.0, spectre6_29055_19, ).

*************************************************
Transient Analysis `tran': time = (0 s -> 150 ns)
*************************************************
Important parameter values:
    start = 0 s
    outputstart = 0 s
    stop = 150 ns
    step = 150 ps
    maxstep = 3 ns
    ic = all
    skipdc = no
    reltol = 1e-03
    abstol(V) = 1 uV
    abstol(I) = 1 pA
    temp = 27 C
    tnom = 27 C
    tempeffects = all
    errpreset = moderate
    method = traponly
    lteratio = 3.5
    relref = sigglobal
    cmin = 0 F
    gmin = 1 pS

    tran: time = 4.38 ns     (2.92 %), step = 1.216 ns     (811 m%)
    tran: time = 12.81 ns    (8.54 %), step = 3 ns            (2 %)
    tran: time = 18.81 ns    (12.5 %), step = 3 ns            (2 %)
    tran: time = 26.26 ns    (17.5 %), step = 22.03 ps    (14.7 m%)
    tran: time = 35.96 ns      (24 %), step = 3 ns            (2 %)
    tran: time = 41.96 ns      (28 %), step = 3 ns            (2 %)
    tran: time = 50 ns       (33.3 %), step = 2.044 ns     (1.36 %)
    tran: time = 56.82 ns    (37.9 %), step = 2.435 ns     (1.62 %)
    tran: time = 65.82 ns    (43.9 %), step = 3 ns            (2 %)
    tran: time = 71.82 ns    (47.9 %), step = 3 ns            (2 %)
    tran: time = 78.96 ns    (52.6 %), step = 732.3 ps     (488 m%)
    tran: time = 88.92 ns    (59.3 %), step = 3 ns            (2 %)
    tran: time = 94.92 ns    (63.3 %), step = 3 ns            (2 %)
    tran: time = 101.3 ns    (67.5 %), step = 22.96 ps    (15.3 m%)
    tran: time = 109.8 ns    (73.2 %), step = 3 ns            (2 %)
    tran: time = 118.8 ns    (79.2 %), step = 3 ns            (2 %)
    tran: time = 125.1 ns    (83.4 %), step = 1.639 ns     (1.09 %)
    tran: time = 132.9 ns    (88.6 %), step = 2.633 ns     (1.76 %)
    tran: time = 138.9 ns    (92.6 %), step = 3 ns            (2 %)
    tran: time = 147.9 ns    (98.6 %), step = 3 ns            (2 %)
Number of accepted tran steps =             346
Intrinsic tran analysis time =              40 ms.
Total time required for tran analysis `tran' was 50 ms.

finalTimeOP: writing operating point information to rawfile.
modelParameter: writing model parameter values to rawfile.
element: writing instance parameter values to rawfile.
outputParameter: writing output parameter values to rawfile.
designParamVals: writing netlist parameters to rawfile.
primitives: writing primitives to rawfile.
subckts: writing subcircuits to rawfile.

Aggregate audit (12:34:12 PM, Mon Feb 16, 2015):
Time used: CPU = 232 ms, elapsed = 7.92 ks (2h 11m 59s), util. = 2.93e-03%.
Time spent in licensing: elapsed = 10 ms.
Virtual memory used = 4.71 Mbytes.
spectre completes with 0 errors, 0 warnings, and 0 notices.
